<?xml version="1.0" encoding="UTF-8"?>
<!-- Generated by org.testng.reporters.JUnitXMLReporter -->
<testsuite ignored="0" hostname="Waseem" failures="0" tests="5" name="Student_SignIn" time="46.88" errors="0" timestamp="2024-01-04T18:59:31 IST">
  <testcase classname="com.Cases.SignInCases" name="staffSignin" time="41.031"/>
  <testcase classname="com.Cases.SignInCases" name="staffSignin" time="1.304"/>
  <testcase classname="com.Cases.SignInCases" name="staffSignin" time="1.08"/>
  <testcase classname="com.Cases.SignInCases" name="staffSignin" time="0.985"/>
  <testcase classname="com.Cases.SignInCases" name="staffSignin" time="1.029"/>
</testsuite> <!-- Student_SignIn -->
